0 info it worked if it ends with ok
1 verbose cli [ 'D:\\Node\\\\node.exe',
1 verbose cli   'D:\\Node\\node_modules\\npm\\bin\\npm-cli.js',
1 verbose cli   'install',
1 verbose cli   '--save',
1 verbose cli   'os' ]
2 info using npm@2.7.0
3 info using node@v0.10.33
4 verbose node symlink D:\Node\\node.exe
5 warn package.json kazi@0.0.2 No repository field.
6 warn package.json kazi@0.0.2 No README data
7 warn package.json cluster@0.7.7 cluster is also the name of a node core module.
8 warn package.json events@1.0.2 events is also the name of a node core module.
9 warn package.json path@0.11.14 path is also the name of a node core module.
10 warn package.json util@0.10.3 util is also the name of a node core module.
11 warn package.json domain@0.0.1 domain is also the name of a node core module.
12 silly cache add args [ 'os', null ]
13 verbose cache add spec os
14 silly cache add parsed spec { raw: 'os',
14 silly cache add   scope: null,
14 silly cache add   name: 'os',
14 silly cache add   rawSpec: '',
14 silly cache add   spec: '*',
14 silly cache add   type: 'range' }
15 verbose addNamed os@*
16 silly addNamed semver.valid null
17 silly addNamed semver.validRange *
18 silly addNameRange { name: 'os', range: '*', hasData: false }
19 silly mapToRegistry name os
20 silly mapToRegistry using default registry
21 silly mapToRegistry registry https://registry.npmjs.org/
22 silly mapToRegistry uri https://registry.npmjs.org/os
23 verbose addNameRange registry:https://registry.npmjs.org/os not in flight; fetching
24 verbose request uri https://registry.npmjs.org/os
25 verbose request no auth needed
26 info attempt registry request try #1 at 18:05:09
27 verbose request using bearer token for auth
28 verbose request id ed1f068b45f9ddac
29 http request GET https://registry.npmjs.org/os
30 http 404 https://registry.npmjs.org/os
31 verbose headers { server: 'CouchDB/1.5.0 (Erlang OTP/R16B03)',
31 verbose headers   'content-type': 'application/json',
31 verbose headers   'cache-control': 'max-age=0',
31 verbose headers   'content-length': '51',
31 verbose headers   'accept-ranges': 'bytes',
31 verbose headers   date: 'Sat, 18 Jul 2015 15:05:17 GMT',
31 verbose headers   via: '1.1 varnish',
31 verbose headers   connection: 'keep-alive',
31 verbose headers   'x-served-by': 'cache-lhr6328-LHR',
31 verbose headers   'x-cache': 'MISS',
31 verbose headers   'x-cache-hits': '0',
31 verbose headers   'x-timer': 'S1437231916.750013,VS0,VE391' }
32 silly get cb [ 404,
32 silly get   { server: 'CouchDB/1.5.0 (Erlang OTP/R16B03)',
32 silly get     'content-type': 'application/json',
32 silly get     'cache-control': 'max-age=0',
32 silly get     'content-length': '51',
32 silly get     'accept-ranges': 'bytes',
32 silly get     date: 'Sat, 18 Jul 2015 15:05:17 GMT',
32 silly get     via: '1.1 varnish',
32 silly get     connection: 'keep-alive',
32 silly get     'x-served-by': 'cache-lhr6328-LHR',
32 silly get     'x-cache': 'MISS',
32 silly get     'x-cache-hits': '0',
32 silly get     'x-timer': 'S1437231916.750013,VS0,VE391' } ]
33 verbose stack Error: 404 Not Found: os
33 verbose stack     at CachingRegistryClient.<anonymous> (D:\Node\node_modules\npm\node_modules\npm-registry-client\lib\request.js:251:14)
33 verbose stack     at Request._callback (D:\Node\node_modules\npm\node_modules\npm-registry-client\lib\request.js:178:14)
33 verbose stack     at Request.self.callback (D:\Node\node_modules\npm\node_modules\request\request.js:344:22)
33 verbose stack     at Request.emit (events.js:98:17)
33 verbose stack     at Request.<anonymous> (D:\Node\node_modules\npm\node_modules\request\request.js:1239:14)
33 verbose stack     at Request.emit (events.js:117:20)
33 verbose stack     at IncomingMessage.<anonymous> (D:\Node\node_modules\npm\node_modules\request\request.js:1187:12)
33 verbose stack     at IncomingMessage.emit (events.js:117:20)
33 verbose stack     at _stream_readable.js:943:16
33 verbose stack     at process._tickCallback (node.js:419:13)
34 verbose statusCode 404
35 verbose pkgid os
36 verbose cwd D:\Node\apis\kazi
37 error Windows_NT 6.1.7601
38 error argv "D:\\Node\\\\node.exe" "D:\\Node\\node_modules\\npm\\bin\\npm-cli.js" "install" "--save" "os"
39 error node v0.10.33
40 error npm  v2.7.0
41 error code E404
42 error 404 Not Found: os
42 error 404
42 error 404 'os' is not in the npm registry.
42 error 404 You should bug the author to publish it (or use the name yourself!)
42 error 404 It was specified as a dependency of 'kazi'
42 error 404
42 error 404 Note that you can also install from a
42 error 404 tarball, folder, http url, or git url.
43 verbose exit [ 1, true ]
